<?xml version='1.0' encoding='UTF-8' ?>
<testsuite name="com.salesforce.androidsdk.store.DBOpenHelperTest" tests="135" failures="0" errors="0" skipped="0" time="398.537" timestamp="2015-08-11T22:54:26" hostname="localhost">
  <properties>
    <property name="device" value="test(AVD) - 5.0.2" />
    <property name="flavor" value="" />
    <property name="project" value="SmartStore" />
  </properties>
  <testcase name="testDeleteAllUserDatabases" classname="com.salesforce.androidsdk.store.DBOpenHelperTest" time="2.394" />
  <testcase name="testDeleteDatabaseDefault" classname="com.salesforce.androidsdk.store.DBOpenHelperTest" time="0.156" />
  <testcase name="testDeleteDatabaseRemovesFromCache" classname="com.salesforce.androidsdk.store.DBOpenHelperTest" time="0.134" />
  <testcase name="testDeleteDatabaseWithCommunityId" classname="com.salesforce.androidsdk.store.DBOpenHelperTest" time="0.211" />
  <testcase name="testDeleteDatabaseWithoutCommunityId" classname="com.salesforce.androidsdk.store.DBOpenHelperTest" time="0.133" />
  <testcase name="testGetHelperForAccountNullCommunityId" classname="com.salesforce.androidsdk.store.DBOpenHelperTest" time="0.16" />
  <testcase name="testGetHelperForNullAccountNullCommunityId" classname="com.salesforce.androidsdk.store.DBOpenHelperTest" time="0.137" />
  <testcase name="testGetHelperIsCached" classname="com.salesforce.androidsdk.store.DBOpenHelperTest" time="0.107" />
  <testcase name="testGetHelperUsesDefaultDatabaseName" classname="com.salesforce.androidsdk.store.DBOpenHelperTest" time="0.131" />
  <testcase name="testHasSmartStoreIsFalseForDefaultDatabase" classname="com.salesforce.androidsdk.store.DBOpenHelperTest" time="0.131" />
  <testcase name="testHasSmartStoreIsFalseForSpecifiedDatabase" classname="com.salesforce.androidsdk.store.DBOpenHelperTest" time="0.131" />
  <testcase name="testHasSmartStoreIsTrueForDefaultDatabase" classname="com.salesforce.androidsdk.store.DBOpenHelperTest" time="0.156" />
  <testcase name="testHasSmartStoreIsTrueForSpecifiedDatabase" classname="com.salesforce.androidsdk.store.DBOpenHelperTest" time="0.161" />
  <testcase name="testAggregateQueryOnIndexedField" classname="com.salesforce.androidsdk.store.EncryptedSmartStoreTest" time="0.717" />
  <testcase name="testAllQuery" classname="com.salesforce.androidsdk.store.EncryptedSmartStoreTest" time="0.719" />
  <testcase name="testClearSoup" classname="com.salesforce.androidsdk.store.EncryptedSmartStoreTest" time="0.603" />
  <testcase name="testCompileOptions" classname="com.salesforce.androidsdk.store.EncryptedSmartStoreTest" time="0.604" />
  <testcase name="testCountQueryWithGroupBy" classname="com.salesforce.androidsdk.store.EncryptedSmartStoreTest" time="0.772" />
  <testcase name="testCreateMultiple" classname="com.salesforce.androidsdk.store.EncryptedSmartStoreTest" time="0.716" />
  <testcase name="testCreateOne" classname="com.salesforce.androidsdk.store.EncryptedSmartStoreTest" time="0.616" />
  <testcase name="testDelete" classname="com.salesforce.androidsdk.store.EncryptedSmartStoreTest" time="0.718" />
  <testcase name="testDropAllSoups" classname="com.salesforce.androidsdk.store.EncryptedSmartStoreTest" time="0.657" />
  <testcase name="testFloatingIndexedField" classname="com.salesforce.androidsdk.store.EncryptedSmartStoreTest" time="0.759" />
  <testcase name="testFloatingIndexedFieldWithSmartSql" classname="com.salesforce.androidsdk.store.EncryptedSmartStoreTest" time="0.776" />
  <testcase name="testGetAllSoupNames" classname="com.salesforce.androidsdk.store.EncryptedSmartStoreTest" time="0.926" />
  <testcase name="testGetDatabaseSize" classname="com.salesforce.androidsdk.store.EncryptedSmartStoreTest" time="1.805" />
  <testcase name="testIntegerIndexedField" classname="com.salesforce.androidsdk.store.EncryptedSmartStoreTest" time="0.712" />
  <testcase name="testIntegerIndexedFieldWithSmartSql" classname="com.salesforce.androidsdk.store.EncryptedSmartStoreTest" time="0.778" />
  <testcase name="testLikeQuery" classname="com.salesforce.androidsdk.store.EncryptedSmartStoreTest" time="0.644" />
  <testcase name="testMatchQuery" classname="com.salesforce.androidsdk.store.EncryptedSmartStoreTest" time="0.637" />
  <testcase name="testMetaDataTableCreated" classname="com.salesforce.androidsdk.store.EncryptedSmartStoreTest" time="0.58" />
  <testcase name="testProjectNested" classname="com.salesforce.androidsdk.store.EncryptedSmartStoreTest" time="0.611" />
  <testcase name="testProjectTopLevel" classname="com.salesforce.androidsdk.store.EncryptedSmartStoreTest" time="0.629" />
  <testcase name="testRangeQuery" classname="com.salesforce.androidsdk.store.EncryptedSmartStoreTest" time="0.631" />
  <testcase name="testRegisterDropSoup" classname="com.salesforce.androidsdk.store.EncryptedSmartStoreTest" time="0.69" />
  <testcase name="testRetrieve" classname="com.salesforce.androidsdk.store.EncryptedSmartStoreTest" time="0.664" />
  <testcase name="testUpdate" classname="com.salesforce.androidsdk.store.EncryptedSmartStoreTest" time="0.662" />
  <testcase name="testUpsert" classname="com.salesforce.androidsdk.store.EncryptedSmartStoreTest" time="0.666" />
  <testcase name="testUpsertWithExternalId" classname="com.salesforce.androidsdk.store.EncryptedSmartStoreTest" time="0.681" />
  <testcase name="testUpsertWithNonIndexedExternalId" classname="com.salesforce.androidsdk.store.EncryptedSmartStoreTest" time="0.66" />
  <testcase name="testUpsertWithNonUniqueExternalId" classname="com.salesforce.androidsdk.store.EncryptedSmartStoreTest" time="0.708" />
  <testcase name="testUpsertWithNullInIndexedField" classname="com.salesforce.androidsdk.store.EncryptedSmartStoreTest" time="0.683" />
  <testcase name="testEqualsWithDifferent" classname="com.salesforce.androidsdk.store.IndexSpecTest" time="0.131" />
  <testcase name="testEqualsWithSame" classname="com.salesforce.androidsdk.store.IndexSpecTest" time="0.137" />
  <testcase name="testHashCodeWithDifferent" classname="com.salesforce.androidsdk.store.IndexSpecTest" time="0.128" />
  <testcase name="testHashCodeWithSame" classname="com.salesforce.androidsdk.store.IndexSpecTest" time="0.108" />
  <testcase name="testAggregateQueryOnIndexedField" classname="com.salesforce.androidsdk.store.PlainSmartStoreTest" time="0.348" />
  <testcase name="testAllQuery" classname="com.salesforce.androidsdk.store.PlainSmartStoreTest" time="0.264" />
  <testcase name="testClearSoup" classname="com.salesforce.androidsdk.store.PlainSmartStoreTest" time="0.29" />
  <testcase name="testCompileOptions" classname="com.salesforce.androidsdk.store.PlainSmartStoreTest" time="0.267" />
  <testcase name="testCountQueryWithGroupBy" classname="com.salesforce.androidsdk.store.PlainSmartStoreTest" time="0.366" />
  <testcase name="testCreateMultiple" classname="com.salesforce.androidsdk.store.PlainSmartStoreTest" time="0.344" />
  <testcase name="testCreateOne" classname="com.salesforce.androidsdk.store.PlainSmartStoreTest" time="0.263" />
  <testcase name="testDelete" classname="com.salesforce.androidsdk.store.PlainSmartStoreTest" time="0.292" />
  <testcase name="testDropAllSoups" classname="com.salesforce.androidsdk.store.PlainSmartStoreTest" time="0.319" />
  <testcase name="testFloatingIndexedField" classname="com.salesforce.androidsdk.store.PlainSmartStoreTest" time="0.431" />
  <testcase name="testFloatingIndexedFieldWithSmartSql" classname="com.salesforce.androidsdk.store.PlainSmartStoreTest" time="0.371" />
  <testcase name="testGetAllSoupNames" classname="com.salesforce.androidsdk.store.PlainSmartStoreTest" time="0.343" />
  <testcase name="testGetDatabaseSize" classname="com.salesforce.androidsdk.store.PlainSmartStoreTest" time="1.153" />
  <testcase name="testIntegerIndexedField" classname="com.salesforce.androidsdk.store.PlainSmartStoreTest" time="0.382" />
  <testcase name="testIntegerIndexedFieldWithSmartSql" classname="com.salesforce.androidsdk.store.PlainSmartStoreTest" time="0.427" />
  <testcase name="testLikeQuery" classname="com.salesforce.androidsdk.store.PlainSmartStoreTest" time="0.344" />
  <testcase name="testMatchQuery" classname="com.salesforce.androidsdk.store.PlainSmartStoreTest" time="0.322" />
  <testcase name="testMetaDataTableCreated" classname="com.salesforce.androidsdk.store.PlainSmartStoreTest" time="0.292" />
  <testcase name="testProjectNested" classname="com.salesforce.androidsdk.store.PlainSmartStoreTest" time="0.291" />
  <testcase name="testProjectTopLevel" classname="com.salesforce.androidsdk.store.PlainSmartStoreTest" time="0.3" />
  <testcase name="testRangeQuery" classname="com.salesforce.androidsdk.store.PlainSmartStoreTest" time="0.321" />
  <testcase name="testRegisterDropSoup" classname="com.salesforce.androidsdk.store.PlainSmartStoreTest" time="0.373" />
  <testcase name="testRetrieve" classname="com.salesforce.androidsdk.store.PlainSmartStoreTest" time="0.316" />
  <testcase name="testUpdate" classname="com.salesforce.androidsdk.store.PlainSmartStoreTest" time="0.341" />
  <testcase name="testUpsert" classname="com.salesforce.androidsdk.store.PlainSmartStoreTest" time="0.348" />
  <testcase name="testUpsertWithExternalId" classname="com.salesforce.androidsdk.store.PlainSmartStoreTest" time="0.343" />
  <testcase name="testUpsertWithNonIndexedExternalId" classname="com.salesforce.androidsdk.store.PlainSmartStoreTest" time="0.266" />
  <testcase name="testUpsertWithNonUniqueExternalId" classname="com.salesforce.androidsdk.store.PlainSmartStoreTest" time="0.319" />
  <testcase name="testUpsertWithNullInIndexedField" classname="com.salesforce.androidsdk.store.PlainSmartStoreTest" time="0.343" />
  <testcase name="testConvertSmartSqlWithInsertUpdateDelete" classname="com.salesforce.androidsdk.store.SmartSqlTest" time="0.395" />
  <testcase name="testConvertSmartSqlWithJoin" classname="com.salesforce.androidsdk.store.SmartSqlTest" time="0.418" />
  <testcase name="testConvertSmartSqlWithSelfJoin" classname="com.salesforce.androidsdk.store.SmartSqlTest" time="0.419" />
  <testcase name="testConvertSmartSqlWithSpecialColumns" classname="com.salesforce.androidsdk.store.SmartSqlTest" time="0.419" />
  <testcase name="testConvertSmartSqlWithSpecialColumnsAndJoin" classname="com.salesforce.androidsdk.store.SmartSqlTest" time="0.41" />
  <testcase name="testConvertSmartSqlWithSpecialColumnsAndSelfJoin" classname="com.salesforce.androidsdk.store.SmartSqlTest" time="0.428" />
  <testcase name="testSimpleConvertSmartSql" classname="com.salesforce.androidsdk.store.SmartSqlTest" time="0.402" />
  <testcase name="testSmartQueryDoingCount" classname="com.salesforce.androidsdk.store.SmartSqlTest" time="0.557" />
  <testcase name="testSmartQueryDoingSum" classname="com.salesforce.androidsdk.store.SmartSqlTest" time="0.506" />
  <testcase name="testSmartQueryReturningOneRowWithOneInteger" classname="com.salesforce.androidsdk.store.SmartSqlTest" time="0.562" />
  <testcase name="testSmartQueryReturningOneRowWithTwoIntegers" classname="com.salesforce.androidsdk.store.SmartSqlTest" time="0.516" />
  <testcase name="testSmartQueryReturningSoupStringAndInteger" classname="com.salesforce.androidsdk.store.SmartSqlTest" time="0.529" />
  <testcase name="testSmartQueryReturningTwoRowsWithOneIntegerEach" classname="com.salesforce.androidsdk.store.SmartSqlTest" time="0.526" />
  <testcase name="testSmartQueryWithPaging" classname="com.salesforce.androidsdk.store.SmartSqlTest" time="0.553" />
  <testcase name="testSmartQueryWithSpecialFields" classname="com.salesforce.androidsdk.store.SmartSqlTest" time="0.5" />
  <testcase name="testAlterSoupNoReIndexing" classname="com.salesforce.androidsdk.store.SmartStoreAlterTest" time="0.473" />
  <testcase name="testAlterSoupResumeAfterCopyTable" classname="com.salesforce.androidsdk.store.SmartStoreAlterTest" time="0.481" />
  <testcase name="testAlterSoupResumeAfterDropOldIndexed" classname="com.salesforce.androidsdk.store.SmartStoreAlterTest" time="0.463" />
  <testcase name="testAlterSoupResumeAfterDropOldTable" classname="com.salesforce.androidsdk.store.SmartStoreAlterTest" time="0.448" />
  <testcase name="testAlterSoupResumeAfterReIndexSoup" classname="com.salesforce.androidsdk.store.SmartStoreAlterTest" time="0.455" />
  <testcase name="testAlterSoupResumeAfterRegisterSoupUsingTableName" classname="com.salesforce.androidsdk.store.SmartStoreAlterTest" time="0.457" />
  <testcase name="testAlterSoupResumeAfterRenameOldSoupTable" classname="com.salesforce.androidsdk.store.SmartStoreAlterTest" time="0.503" />
  <testcase name="testAlterSoupTypeChangeFullTextToString" classname="com.salesforce.androidsdk.store.SmartStoreAlterTest" time="0.76" />
  <testcase name="testAlterSoupTypeChangeStringToFullText" classname="com.salesforce.androidsdk.store.SmartStoreAlterTest" time="0.745" />
  <testcase name="testAlterSoupTypeChangeStringToInteger" classname="com.salesforce.androidsdk.store.SmartStoreAlterTest" time="0.512" />
  <testcase name="testAlterSoupWithReIndexing" classname="com.salesforce.androidsdk.store.SmartStoreAlterTest" time="0.473" />
  <testcase name="testGetSoupIndexSpecs" classname="com.salesforce.androidsdk.store.SmartStoreAlterTest" time="0.376" />
  <testcase name="testReIndexSoup" classname="com.salesforce.androidsdk.store.SmartStoreAlterTest" time="0.454" />
  <testcase name="testSearch10000RowsManyMatches" classname="com.salesforce.androidsdk.store.SmartStoreFullTextSearchSpeedTest" time="65.204" />
  <testcase name="testSearch10000RowsOneMatch" classname="com.salesforce.androidsdk.store.SmartStoreFullTextSearchSpeedTest" time="63.67" />
  <testcase name="testSearch1000RowsManyMatches" classname="com.salesforce.androidsdk.store.SmartStoreFullTextSearchSpeedTest" time="7.171" />
  <testcase name="testSearch1000RowsOneMatch" classname="com.salesforce.androidsdk.store.SmartStoreFullTextSearchSpeedTest" time="7.374" />
  <testcase name="testClear" classname="com.salesforce.androidsdk.store.SmartStoreFullTextSearchTest" time="0.439" />
  <testcase name="testDelete" classname="com.salesforce.androidsdk.store.SmartStoreFullTextSearchTest" time="0.509" />
  <testcase name="testInsert" classname="com.salesforce.androidsdk.store.SmartStoreFullTextSearchTest" time="0.428" />
  <testcase name="testRegisterDropSoup" classname="com.salesforce.androidsdk.store.SmartStoreFullTextSearchTest" time="0.371" />
  <testcase name="testSearchAllFieldMultipleResults" classname="com.salesforce.androidsdk.store.SmartStoreFullTextSearchTest" time="0.508" />
  <testcase name="testSearchAllFieldsNoResults" classname="com.salesforce.androidsdk.store.SmartStoreFullTextSearchTest" time="0.521" />
  <testcase name="testSearchAllFieldsSingleResult" classname="com.salesforce.androidsdk.store.SmartStoreFullTextSearchTest" time="0.508" />
  <testcase name="testSearchSingleFielNoResults" classname="com.salesforce.androidsdk.store.SmartStoreFullTextSearchTest" time="0.553" />
  <testcase name="testSearchSingleFieldMultipleResults" classname="com.salesforce.androidsdk.store.SmartStoreFullTextSearchTest" time="0.506" />
  <testcase name="testSearchSingleFieldSingleResult" classname="com.salesforce.androidsdk.store.SmartStoreFullTextSearchTest" time="0.498" />
  <testcase name="testSearchWithFieldColonQueries" classname="com.salesforce.androidsdk.store.SmartStoreFullTextSearchTest" time="0.54" />
  <testcase name="testUpdate" classname="com.salesforce.androidsdk.store.SmartStoreFullTextSearchTest" time="0.42" />
  <testcase name="testAutoComplete" classname="com.salesforce.androidsdk.store.SmartStoreInspectorActivityTest" time="4.556" />
  <testcase name="testClickingClear" classname="com.salesforce.androidsdk.store.SmartStoreInspectorActivityTest" time="3.796" />
  <testcase name="testClickingIndices" classname="com.salesforce.androidsdk.store.SmartStoreInspectorActivityTest" time="3.137" />
  <testcase name="testClickingRunWithInvalidQuery" classname="com.salesforce.androidsdk.store.SmartStoreInspectorActivityTest" time="3.109" />
  <testcase name="testClickingRunWithValidQuery" classname="com.salesforce.androidsdk.store.SmartStoreInspectorActivityTest" time="2.996" />
  <testcase name="testClickingRunWithValidQueryAndPageSize" classname="com.salesforce.androidsdk.store.SmartStoreInspectorActivityTest" time="3.066" />
  <testcase name="testClickingRunWithValidQueryAndPageSizeAndPageIndex" classname="com.salesforce.androidsdk.store.SmartStoreInspectorActivityTest" time="3.219" />
  <testcase name="testClickingRunWithValidQueryNoResults" classname="com.salesforce.androidsdk.store.SmartStoreInspectorActivityTest" time="3.094" />
  <testcase name="testClickingRunWithoutQuery" classname="com.salesforce.androidsdk.store.SmartStoreInspectorActivityTest" time="3.343" />
  <testcase name="testClickingSoups" classname="com.salesforce.androidsdk.store.SmartStoreInspectorActivityTest" time="3.141" />
  <testcase name="testAddAndRetrieveManyEntries" classname="com.salesforce.androidsdk.store.SmartStoreLoadTest" time="4.476" />
  <testcase name="testAlterSoup" classname="com.salesforce.androidsdk.store.SmartStoreLoadTest" time="93.41" />
  <testcase name="testIncreasingFieldLength" classname="com.salesforce.androidsdk.store.SmartStoreLoadTest" time="0.523" />
  <testcase name="testNumerousFields" classname="com.salesforce.androidsdk.store.SmartStoreLoadTest" time="0.381" />
  <testcase name="testUpsertAndQueryEntries" classname="com.salesforce.androidsdk.store.SmartStoreLoadTest" time="62.959" />
  <testcase name="testUpsertManyEntries" classname="com.salesforce.androidsdk.store.SmartStoreLoadTest" time="2.916" />
</testsuite>