<?xml version='1.0' encoding='UTF-8' ?>
<testsuite name="com.salesforce.androidsdk.accounts.UserAccountManagerTest" tests="121" failures="0" errors="0" skipped="0" time="39.198" timestamp="2015-08-11T22:46:55" hostname="localhost">
  <properties>
    <property name="device" value="test(AVD) - 5.0.2" />
    <property name="flavor" value="" />
    <property name="project" value="SalesforceSDK" />
  </properties>
  <testcase name="testDoesUserAccountExist" classname="com.salesforce.androidsdk.accounts.UserAccountManagerTest" time="1.211" />
  <testcase name="testGetAllUserAccounts" classname="com.salesforce.androidsdk.accounts.UserAccountManagerTest" time="0.821" />
  <testcase name="testGetCurrentUserAccount" classname="com.salesforce.androidsdk.accounts.UserAccountManagerTest" time="0.474" />
  <testcase name="testSignoutBackgroundUser" classname="com.salesforce.androidsdk.accounts.UserAccountManagerTest" time="0.875" />
  <testcase name="testSignoutCurrentUser" classname="com.salesforce.androidsdk.accounts.UserAccountManagerTest" time="2.04" />
  <testcase name="testSwitchToUserAccount" classname="com.salesforce.androidsdk.accounts.UserAccountManagerTest" time="1.214" />
  <testcase name="testGetUUID" classname="com.salesforce.androidsdk.app.UUIDManagerTest" time="0.217" />
  <testcase name="testReset" classname="com.salesforce.androidsdk.app.UUIDManagerTest" time="0.242" />
  <testcase name="testDoGet" classname="com.salesforce.androidsdk.auth.HttpAccessTest" time="1.034" />
  <testcase name="testDoHead" classname="com.salesforce.androidsdk.auth.HttpAccessTest" time="0.451" />
  <testcase name="testSendDelete" classname="com.salesforce.androidsdk.auth.HttpAccessTest" time="0.391" />
  <testcase name="testSendPatch" classname="com.salesforce.androidsdk.auth.HttpAccessTest" time="0.367" />
  <testcase name="testSendPost" classname="com.salesforce.androidsdk.auth.HttpAccessTest" time="0.427" />
  <testcase name="testSendPut" classname="com.salesforce.androidsdk.auth.HttpAccessTest" time="0.387" />
  <testcase name="testAddMultipleCustomServers" classname="com.salesforce.androidsdk.auth.LoginServerManagerTest" time="0.211" />
  <testcase name="testGetDefaultLoginServers" classname="com.salesforce.androidsdk.auth.LoginServerManagerTest" time="0.215" />
  <testcase name="testGetLoginServerFromURL" classname="com.salesforce.androidsdk.auth.LoginServerManagerTest" time="0.206" />
  <testcase name="testGetSetCustomLoginServer" classname="com.salesforce.androidsdk.auth.LoginServerManagerTest" time="0.183" />
  <testcase name="testGetSetLoginServerWithCustomServer" classname="com.salesforce.androidsdk.auth.LoginServerManagerTest" time="0.187" />
  <testcase name="testGetSetLoginServerWithoutCustomServer" classname="com.salesforce.androidsdk.auth.LoginServerManagerTest" time="0.157" />
  <testcase name="testReset" classname="com.salesforce.androidsdk.auth.LoginServerManagerTest" time="0.182" />
  <testcase name="testUseSandbox" classname="com.salesforce.androidsdk.auth.LoginServerManagerTest" time="0.161" />
  <testcase name="testCallIdentityService" classname="com.salesforce.androidsdk.auth.OAuth2Test" time="0.344" />
  <testcase name="testGetAuthorizationUrl" classname="com.salesforce.androidsdk.auth.OAuth2Test" time="0.167" />
  <testcase name="testGetAuthorizationUrlWithScopes" classname="com.salesforce.androidsdk.auth.OAuth2Test" time="0.188" />
  <testcase name="testRefreshAuthToken" classname="com.salesforce.androidsdk.auth.OAuth2Test" time="0.284" />
  <testcase name="testCompareVersionsSameVersion" classname="com.salesforce.androidsdk.phonegap.JavaScriptPluginVersionTest" time="0.159" />
  <testcase name="testCompareVersionsSameVersionWithUnstable" classname="com.salesforce.androidsdk.phonegap.JavaScriptPluginVersionTest" time="0.16" />
  <testcase name="testCompareVersionsWithPatch" classname="com.salesforce.androidsdk.phonegap.JavaScriptPluginVersionTest" time="0.157" />
  <testcase name="testCompareVersionsWithTwoDigits" classname="com.salesforce.androidsdk.phonegap.JavaScriptPluginVersionTest" time="0.156" />
  <testcase name="testJavaScriptPluginVersionsWithCurrentVersion" classname="com.salesforce.androidsdk.phonegap.JavaScriptPluginVersionTest" time="0.157" />
  <testcase name="testJavaScriptPluginVersionsWithNewVersion" classname="com.salesforce.androidsdk.phonegap.JavaScriptPluginVersionTest" time="0.133" />
  <testcase name="testJavaScriptPluginVersionsWithNoVersion" classname="com.salesforce.androidsdk.phonegap.JavaScriptPluginVersionTest" time="0.16" />
  <testcase name="testJavaScriptPluginVersionsWithOldVersions" classname="com.salesforce.androidsdk.phonegap.JavaScriptPluginVersionTest" time="0.157" />
  <testcase name="testSafeParseInt" classname="com.salesforce.androidsdk.phonegap.JavaScriptPluginVersionTest" time="0.132" />
  <testcase name="testGetForcePluginsFromXML" classname="com.salesforce.androidsdk.phonegap.SDKInfoPluginTest" time="0.132" />
  <testcase name="testGetSDKInfo" classname="com.salesforce.androidsdk.phonegap.SDKInfoPluginTest" time="0.162" />
  <testcase name="testCreateAccount" classname="com.salesforce.androidsdk.rest.ClientManagerTest" time="0.45" />
  <testcase name="testGetAccount" classname="com.salesforce.androidsdk.rest.ClientManagerTest" time="0.422" />
  <testcase name="testGetAccountByName" classname="com.salesforce.androidsdk.rest.ClientManagerTest" time="0.659" />
  <testcase name="testGetAccountType" classname="com.salesforce.androidsdk.rest.ClientManagerTest" time="0.13" />
  <testcase name="testGetAccountsWithSeveralAccounts" classname="com.salesforce.androidsdk.rest.ClientManagerTest" time="0.635" />
  <testcase name="testGetAccountsWithSingleAccount" classname="com.salesforce.androidsdk.rest.ClientManagerTest" time="0.457" />
  <testcase name="testGetRestClientWithAccountSetup" classname="com.salesforce.androidsdk.rest.ClientManagerTest" time="0.543" />
  <testcase name="testPeekRestClientWhenNoAccounts" classname="com.salesforce.androidsdk.rest.ClientManagerTest" time="0.158" />
  <testcase name="testPeekRestClientWithAccountSetup" classname="com.salesforce.androidsdk.rest.ClientManagerTest" time="0.425" />
  <testcase name="testRemoveAccountAsync" classname="com.salesforce.androidsdk.rest.ClientManagerTest" time="0.392" />
  <testcase name="testRemoveOneOfSeveralAccounts" classname="com.salesforce.androidsdk.rest.ClientManagerTest" time="0.74" />
  <testcase name="testRemoveOnlyAccount" classname="com.salesforce.androidsdk.rest.ClientManagerTest" time="0.638" />
  <testcase name="testRemoveSeveralAccounts" classname="com.salesforce.androidsdk.rest.ClientManagerTest" time="0.686" />
  <testcase name="testCallWithBadAuthToken" classname="com.salesforce.androidsdk.rest.RestClientTest" time="0.681" />
  <testcase name="testCallWithBadTokenAndTokenProvider" classname="com.salesforce.androidsdk.rest.RestClientTest" time="0.324" />
  <testcase name="testClientInfoResolveUrl" classname="com.salesforce.androidsdk.rest.RestClientTest" time="0.27" />
  <testcase name="testClientInfoResolveUrlForCommunityUrl" classname="com.salesforce.androidsdk.rest.RestClientTest" time="0.26" />
  <testcase name="testClientInfoResolveUrlForHttpsUrl" classname="com.salesforce.androidsdk.rest.RestClientTest" time="0.269" />
  <testcase name="testCreate" classname="com.salesforce.androidsdk.rest.RestClientTest" time="0.511" />
  <testcase name="testDelete" classname="com.salesforce.androidsdk.rest.RestClientTest" time="1.105" />
  <testcase name="testDescribe" classname="com.salesforce.androidsdk.rest.RestClientTest" time="0.424" />
  <testcase name="testDescribeGlobal" classname="com.salesforce.androidsdk.rest.RestClientTest" time="0.749" />
  <testcase name="testDescribeGlobalAsync" classname="com.salesforce.androidsdk.rest.RestClientTest" time="0.672" />
  <testcase name="testDoubleConsume" classname="com.salesforce.androidsdk.rest.RestClientTest" time="0.344" />
  <testcase name="testFileUpload" classname="com.salesforce.androidsdk.rest.RestClientTest" time="1.22" />
  <testcase name="testGetAuthToken" classname="com.salesforce.androidsdk.rest.RestClientTest" time="0.297" />
  <testcase name="testGetClientInfo" classname="com.salesforce.androidsdk.rest.RestClientTest" time="0.295" />
  <testcase name="testGetInstanceUrl" classname="com.salesforce.androidsdk.rest.RestClientTest" time="0.222" />
  <testcase name="testGetInstanceUrlForCommunity" classname="com.salesforce.androidsdk.rest.RestClientTest" time="0.326" />
  <testcase name="testGetResources" classname="com.salesforce.androidsdk.rest.RestClientTest" time="0.347" />
  <testcase name="testGetResourcesAsync" classname="com.salesforce.androidsdk.rest.RestClientTest" time="0.32" />
  <testcase name="testGetVersions" classname="com.salesforce.androidsdk.rest.RestClientTest" time="0.316" />
  <testcase name="testMetadata" classname="com.salesforce.androidsdk.rest.RestClientTest" time="0.365" />
  <testcase name="testQuery" classname="com.salesforce.androidsdk.rest.RestClientTest" time="0.853" />
  <testcase name="testRestClientUnauthenticatedlientInfo" classname="com.salesforce.androidsdk.rest.RestClientTest" time="1.451" />
  <testcase name="testRestClientUnauthenticatedlientInfoAsync" classname="com.salesforce.androidsdk.rest.RestClientTest" time="0.429" />
  <testcase name="testRetrieve" classname="com.salesforce.androidsdk.rest.RestClientTest" time="0.86" />
  <testcase name="testSearch" classname="com.salesforce.androidsdk.rest.RestClientTest" time="0.366" />
  <testcase name="testUpdate" classname="com.salesforce.androidsdk.rest.RestClientTest" time="1.282" />
  <testcase name="testWrappedRestRequestBody" classname="com.salesforce.androidsdk.rest.RestClientTest" time="0.214" />
  <testcase name="testWrappedRestRequestBodyContentType" classname="com.salesforce.androidsdk.rest.RestClientTest" time="0.269" />
  <testcase name="testWrappedRestRequestMethod" classname="com.salesforce.androidsdk.rest.RestClientTest" time="0.235" />
  <testcase name="testWrappedRestRequestUrl" classname="com.salesforce.androidsdk.rest.RestClientTest" time="0.244" />
  <testcase name="testAdditionalHeaders" classname="com.salesforce.androidsdk.rest.RestRequestTest" time="0.028" />
  <testcase name="testGetRequestForCreate" classname="com.salesforce.androidsdk.rest.RestRequestTest" time="0.026" />
  <testcase name="testGetRequestForDelete" classname="com.salesforce.androidsdk.rest.RestRequestTest" time="0.026" />
  <testcase name="testGetRequestForDescribe" classname="com.salesforce.androidsdk.rest.RestRequestTest" time="0.026" />
  <testcase name="testGetRequestForDescribeGlobal" classname="com.salesforce.androidsdk.rest.RestRequestTest" time="0.026" />
  <testcase name="testGetRequestForMetadata" classname="com.salesforce.androidsdk.rest.RestRequestTest" time="0.0" />
  <testcase name="testGetRequestForQuery" classname="com.salesforce.androidsdk.rest.RestRequestTest" time="0.0" />
  <testcase name="testGetRequestForResources" classname="com.salesforce.androidsdk.rest.RestRequestTest" time="0.029" />
  <testcase name="testGetRequestForRetrieve" classname="com.salesforce.androidsdk.rest.RestRequestTest" time="0.0" />
  <testcase name="testGetRequestForSeach" classname="com.salesforce.androidsdk.rest.RestRequestTest" time="0.0" />
  <testcase name="testGetRequestForSeachScopeAndOrder" classname="com.salesforce.androidsdk.rest.RestRequestTest" time="0.0" />
  <testcase name="testGetRequestForSearchResultLayout" classname="com.salesforce.androidsdk.rest.RestRequestTest" time="0.027" />
  <testcase name="testGetRequestForUpdate" classname="com.salesforce.androidsdk.rest.RestRequestTest" time="0.0" />
  <testcase name="testGetRequestForUpsert" classname="com.salesforce.androidsdk.rest.RestRequestTest" time="0.0" />
  <testcase name="testGetRequestForVersions" classname="com.salesforce.androidsdk.rest.RestRequestTest" time="0.026" />
  <testcase name="testAppendPageNum" classname="com.salesforce.androidsdk.rest.files.ConnectUriBuilderTest" time="0.0" />
  <testcase name="testAppendPath" classname="com.salesforce.androidsdk.rest.files.ConnectUriBuilderTest" time="0.0" />
  <testcase name="testAppendQueryParam" classname="com.salesforce.androidsdk.rest.files.ConnectUriBuilderTest" time="0.0" />
  <testcase name="testAppendUserId" classname="com.salesforce.androidsdk.rest.files.ConnectUriBuilderTest" time="0.0" />
  <testcase name="testAppendVersionNum" classname="com.salesforce.androidsdk.rest.files.ConnectUriBuilderTest" time="0.025" />
  <testcase name="testBasePath" classname="com.salesforce.androidsdk.rest.files.ConnectUriBuilderTest" time="0.026" />
  <testcase name="testBatchFileInfo" classname="com.salesforce.androidsdk.rest.files.FileRequestsTest" time="0.0" />
  <testcase name="testFileContents" classname="com.salesforce.androidsdk.rest.files.FileRequestsTest" time="0.028" />
  <testcase name="testFileDetails" classname="com.salesforce.androidsdk.rest.files.FileRequestsTest" time="0.0" />
  <testcase name="testFileRendition" classname="com.salesforce.androidsdk.rest.files.FileRequestsTest" time="0.0" />
  <testcase name="testFileShares" classname="com.salesforce.androidsdk.rest.files.FileRequestsTest" time="0.0" />
  <testcase name="testFilesInUsersGroups" classname="com.salesforce.androidsdk.rest.files.FileRequestsTest" time="0.026" />
  <testcase name="testFilesSharedWithUser" classname="com.salesforce.androidsdk.rest.files.FileRequestsTest" time="0.026" />
  <testcase name="testOwnedFilesList" classname="com.salesforce.androidsdk.rest.files.FileRequestsTest" time="0.025" />
  <testcase name="testIsPng" classname="com.salesforce.androidsdk.rest.files.RenditionTypeTest" time="0.026" />
  <testcase name="testDecryptWithNullKey" classname="com.salesforce.androidsdk.security.EncryptorTest" time="0.027" />
  <testcase name="testEncryptDecrypt" classname="com.salesforce.androidsdk.security.EncryptorTest" time="0.133" />
  <testcase name="testEncryptDecryptWithDifferentData" classname="com.salesforce.androidsdk.security.EncryptorTest" time="0.265" />
  <testcase name="testEncryptDecryptWithDifferentKeys" classname="com.salesforce.androidsdk.security.EncryptorTest" time="0.258" />
  <testcase name="testEncryptWithNullKey" classname="com.salesforce.androidsdk.security.EncryptorTest" time="0.027" />
  <testcase name="testActivityPreventsLock" classname="com.salesforce.androidsdk.security.PasscodeManagerTest" time="0.183" />
  <testcase name="testLocksAfterTimeout" classname="com.salesforce.androidsdk.security.PasscodeManagerTest" time="0.159" />
  <testcase name="testTimeoutChange" classname="com.salesforce.androidsdk.security.PasscodeManagerTest" time="0.158" />
  <testcase name="testUnlockResetsFailureCount" classname="com.salesforce.androidsdk.security.PasscodeManagerTest" time="0.26" />
  <testcase name="testGetAsStrings" classname="com.salesforce.androidsdk.util.LogUtilTest" time="0.0" />
  <testcase name="testZipJoin" classname="com.salesforce.androidsdk.util.LogUtilTest" time="0.026" />
</testsuite>